<?xml version="1.0" encoding="UTF-8"?>
<testng-results ignored="0" total="1" passed="0" failed="1" skipped="0">
  <reporter-output>
    <line>
      <![CDATA[----DBConnected---]]>
    </line>
    <line>
      <![CDATA[---Logged in to Applcn---]]>
    </line>
  </reporter-output>
  <suite started-at="2024-04-17T16:20:13 IST" name="Default suite" finished-at="2024-04-17T16:20:25 IST" duration-ms="11729">
    <groups>
      <group name="smoke">
        <method signature="BaseClassManagementLeadEvent.leadEvent()[pri:0, instance:endtoend.BaseClassManagementLeadEvent@1d296da]" name="leadEvent" class="endtoend.BaseClassManagementLeadEvent"/>
      </group> <!-- smoke -->
    </groups>
    <test started-at="2024-04-17T16:20:13 IST" name="Default test" finished-at="2024-04-17T16:20:25 IST" duration-ms="11729">
      <class name="endtoend.BaseClassManagementLeadEvent">
        <test-method is-config="true" signature="connectToDB()[pri:0, instance:endtoend.BaseClassManagementLeadEvent@1d296da]" started-at="2024-04-17T16:20:13 IST" name="connectToDB" finished-at="2024-04-17T16:20:13 IST" duration-ms="153" status="PASS">
          <reporter-output>
            <line>
              <![CDATA[----DBConnected---]]>
            </line>
          </reporter-output>
        </test-method> <!-- connectToDB -->
        <test-method is-config="true" signature="launchBrowser()[pri:0, instance:endtoend.BaseClassManagementLeadEvent@1d296da]" started-at="2024-04-17T16:20:13 IST" name="launchBrowser" finished-at="2024-04-17T16:20:16 IST" duration-ms="2328" status="PASS">
          <reporter-output>
          </reporter-output>
        </test-method> <!-- launchBrowser -->
        <test-method is-config="true" signature="loginToApp()[pri:0, instance:endtoend.BaseClassManagementLeadEvent@1d296da]" started-at="2024-04-17T16:20:16 IST" name="loginToApp" finished-at="2024-04-17T16:20:18 IST" duration-ms="2257" status="PASS">
          <reporter-output>
            <line>
              <![CDATA[---Logged in to Applcn---]]>
            </line>
          </reporter-output>
        </test-method> <!-- loginToApp -->
        <test-method signature="leadEvent()[pri:0, instance:endtoend.BaseClassManagementLeadEvent@1d296da]" started-at="2024-04-17T16:20:18 IST" name="leadEvent" finished-at="2024-04-17T16:20:25 IST" duration-ms="6822" status="FAIL">
          <exception class="java.lang.AssertionError">
            <message>
              <![CDATA[null]]>
            </message>
            <full-stacktrace>
              <![CDATA[java.lang.AssertionError: null
at org.testng.Assert.fail(Assert.java:111)
at org.testng.Assert.fail(Assert.java:116)
at endtoend.BaseClassManagementLeadEvent.leadEvent(BaseClassManagementLeadEvent.java:38)
at java.base/jdk.internal.reflect.DirectMethodHandleAccessor.invoke(DirectMethodHandleAccessor.java:103)
at java.base/java.lang.reflect.Method.invoke(Method.java:580)
at org.testng.internal.invokers.MethodInvocationHelper.invokeMethod(MethodInvocationHelper.java:139)
at org.testng.internal.invokers.TestInvoker.invokeMethod(TestInvoker.java:664)
at org.testng.internal.invokers.TestInvoker.invokeTestMethod(TestInvoker.java:227)
at org.testng.internal.invokers.MethodRunner.runInSequence(MethodRunner.java:50)
at org.testng.internal.invokers.TestInvoker$MethodInvocationAgent.invoke(TestInvoker.java:957)
at org.testng.internal.invokers.TestInvoker.invokeTestMethods(TestInvoker.java:200)
at org.testng.internal.invokers.TestMethodWorker.invokeTestMethods(TestMethodWorker.java:148)
at org.testng.internal.invokers.TestMethodWorker.run(TestMethodWorker.java:128)
at java.base/java.util.ArrayList.forEach(ArrayList.java:1596)
at org.testng.TestRunner.privateRun(TestRunner.java:848)
at org.testng.TestRunner.run(TestRunner.java:621)
at org.testng.SuiteRunner.runTest(SuiteRunner.java:443)
at org.testng.SuiteRunner.runSequentially(SuiteRunner.java:437)
at org.testng.SuiteRunner.privateRun(SuiteRunner.java:397)
at org.testng.SuiteRunner.run(SuiteRunner.java:336)
at org.testng.SuiteRunnerWorker.runSuite(SuiteRunnerWorker.java:52)
at org.testng.SuiteRunnerWorker.run(SuiteRunnerWorker.java:95)
at org.testng.TestNG.runSuitesSequentially(TestNG.java:1280)
at org.testng.TestNG.runSuitesLocally(TestNG.java:1200)
at org.testng.TestNG.runSuites(TestNG.java:1114)
at org.testng.TestNG.run(TestNG.java:1082)
at org.testng.remote.AbstractRemoteTestNG.run(AbstractRemoteTestNG.java:115)
at org.testng.remote.RemoteTestNG.initAndRun(RemoteTestNG.java:251)
at org.testng.remote.RemoteTestNG.main(RemoteTestNG.java:77)
]]>
            </full-stacktrace>
          </exception> <!-- java.lang.AssertionError -->
          <reporter-output>
          </reporter-output>
        </test-method> <!-- leadEvent -->
        <test-method is-config="true" signature="logoutFromApplcn()[pri:0, instance:endtoend.BaseClassManagementLeadEvent@1d296da]" started-at="2024-04-17T16:20:25 IST" name="logoutFromApplcn" finished-at="2024-04-17T16:20:25 IST" duration-ms="259" status="PASS">
          <reporter-output>
          </reporter-output>
        </test-method> <!-- logoutFromApplcn -->
        <test-method is-config="true" signature="closeDB()[pri:0, instance:endtoend.BaseClassManagementLeadEvent@1d296da]" started-at="2024-04-17T16:20:25 IST" name="closeDB" finished-at="2024-04-17T16:20:25 IST" duration-ms="32" status="PASS">
          <reporter-output>
          </reporter-output>
        </test-method> <!-- closeDB -->
      </class> <!-- endtoend.BaseClassManagementLeadEvent -->
    </test> <!-- Default test -->
  </suite> <!-- Default suite -->
</testng-results>
